<?xml version="1.0" encoding="UTF-8"?>
<testng-results ignored="0" total="1" passed="1" failed="0" skipped="0">
  <reporter-output>
  </reporter-output>
  <suite started-at="2022-01-06T21:58:46 IST" name="package_github_integration.class_github_integrationTest" finished-at="2022-01-06T21:59:27 IST" duration-ms="40900">
    <groups>
    </groups>
    <test started-at="2022-01-06T21:58:46 IST" name="Command line test" finished-at="2022-01-06T21:59:27 IST" duration-ms="40900">
      <class name="package_github_integration.class_github_integrationTest">
        <test-method signature="SeleniumTestTest()[pri:0, instance:package_github_integration.class_github_integrationTest@11e21d0e]" started-at="2022-01-06T21:58:46 IST" name="SeleniumTestTest" finished-at="2022-01-06T21:59:27 IST" duration-ms="40806" status="PASS">
          <reporter-output>
          </reporter-output>
        </test-method> <!-- SeleniumTestTest -->
      </class> <!-- package_github_integration.class_github_integrationTest -->
    </test> <!-- Command line test -->
  </suite> <!-- package_github_integration.class_github_integrationTest -->
</testng-results>
